::1 - - [21/Oct/2015:13:56:56 +0000] "GET / HTTP/1.1" 503 468 "-" "Mozilla/5.0 (Macintosh; Intel Mac OS X 10_11_0) AppleWebKit/537.36 (KHTML, like Gecko) Chrome/46.0.2490.71 Safari/537.36"
::1 - - [21/Oct/2015:13:57:06 +0000] "GET /favicon.ico HTTP/1.1" 503 468 "http://localhost:8090/" "Mozilla/5.0 (Macintosh; Intel Mac OS X 10_11_0) AppleWebKit/537.36 (KHTML, like Gecko) Chrome/46.0.2490.71 Safari/537.36"
::1 - - [21/Oct/2015:13:57:12 +0000] "GET /all_available_uri HTTP/1.1" 503 468 "-" "Mozilla/5.0 (Macintosh; Intel Mac OS X 10_11_0) AppleWebKit/537.36 (KHTML, like Gecko) Chrome/46.0.2490.71 Safari/537.36"
::1 - - [21/Oct/2015:13:57:22 +0000] "GET /favicon.ico HTTP/1.1" 503 468 "http://localhost:8090/all_available_uri" "Mozilla/5.0 (Macintosh; Intel Mac OS X 10_11_0) AppleWebKit/537.36 (KHTML, like Gecko) Chrome/46.0.2490.71 Safari/537.36"
::1 - - [21/Oct/2015:13:57:47 +0000] "GET /all_available_uri HTTP/1.1" - - "-" "Mozilla/5.0 (Macintosh; Intel Mac OS X 10_11_0) AppleWebKit/537.36 (KHTML, like Gecko) Chrome/46.0.2490.71 Safari/537.36"
::1 - - [21/Oct/2015:13:57:58 +0000] "GET /all_available_uri HTTP/1.1" 503 468 "-" "Mozilla/5.0 (Macintosh; Intel Mac OS X 10_11_0) AppleWebKit/537.36 (KHTML, like Gecko) Chrome/46.0.2490.71 Safari/537.36"
::1 - - [21/Oct/2015:13:58:08 +0000] "GET /favicon.ico HTTP/1.1" 503 468 "http://localhost:8090/all_available_uri" "Mozilla/5.0 (Macintosh; Intel Mac OS X 10_11_0) AppleWebKit/537.36 (KHTML, like Gecko) Chrome/46.0.2490.71 Safari/537.36"
::1 - - [21/Oct/2015:13:58:26 +0000] "GET /234234 HTTP/1.1" 503 468 "-" "Mozilla/5.0 (Macintosh; Intel Mac OS X 10_11_0) AppleWebKit/537.36 (KHTML, like Gecko) Chrome/46.0.2490.71 Safari/537.36"
::1 - - [21/Oct/2015:13:58:36 +0000] "GET /favicon.ico HTTP/1.1" 503 468 "http://localhost:8090/234234" "Mozilla/5.0 (Macintosh; Intel Mac OS X 10_11_0) AppleWebKit/537.36 (KHTML, like Gecko) Chrome/46.0.2490.71 Safari/537.36"
::1 - - [21/Oct/2015:13:58:59 +0000] "GET /234234 HTTP/1.1" 503 468 "-" "Mozilla/5.0 (Macintosh; Intel Mac OS X 10_11_0) AppleWebKit/537.36 (KHTML, like Gecko) Chrome/46.0.2490.71 Safari/537.36"
::1 - - [21/Oct/2015:13:59:09 +0000] "GET /favicon.ico HTTP/1.1" 503 468 "http://localhost:8090/234234" "Mozilla/5.0 (Macintosh; Intel Mac OS X 10_11_0) AppleWebKit/537.36 (KHTML, like Gecko) Chrome/46.0.2490.71 Safari/537.36"
::1 - - [21/Oct/2015:13:59:33 +0000] "GET /234234 HTTP/1.1" 404 33 "-" "Mozilla/5.0 (Macintosh; Intel Mac OS X 10_11_0) AppleWebKit/537.36 (KHTML, like Gecko) Chrome/46.0.2490.71 Safari/537.36"
::1 - - [21/Oct/2015:13:59:33 +0000] "GET /favicon.ico HTTP/1.1" 404 33 "http://localhost:8090/234234" "Mozilla/5.0 (Macintosh; Intel Mac OS X 10_11_0) AppleWebKit/537.36 (KHTML, like Gecko) Chrome/46.0.2490.71 Safari/537.36"
::1 - - [21/Oct/2015:13:59:38 +0000] "GET /all_available_uri HTTP/1.1" 404 33 "-" "Mozilla/5.0 (Macintosh; Intel Mac OS X 10_11_0) AppleWebKit/537.36 (KHTML, like Gecko) Chrome/46.0.2490.71 Safari/537.36"
::1 - - [21/Oct/2015:13:59:47 +0000] "GET /all_available_uri HTTP/1.1" 404 33 "-" "Mozilla/5.0 (Macintosh; Intel Mac OS X 10_11_0) AppleWebKit/537.36 (KHTML, like Gecko) Chrome/46.0.2490.71 Safari/537.36"
::1 - - [21/Oct/2015:13:59:55 +0000] "GET /fdsf HTTP/1.1" 404 33 "-" "Mozilla/5.0 (Macintosh; Intel Mac OS X 10_11_0) AppleWebKit/537.36 (KHTML, like Gecko) Chrome/46.0.2490.71 Safari/537.36"
::1 - - [21/Oct/2015:14:00:46 +0000] "GET //all_available_uri HTTP/1.1" 404 33 "-" "Mozilla/5.0 (Macintosh; Intel Mac OS X 10_11_0) AppleWebKit/537.36 (KHTML, like Gecko) Chrome/46.0.2490.71 Safari/537.36"
::1 - - [21/Oct/2015:14:00:48 +0000] "GET /all_available_uri HTTP/1.1" 404 33 "-" "Mozilla/5.0 (Macintosh; Intel Mac OS X 10_11_0) AppleWebKit/537.36 (KHTML, like Gecko) Chrome/46.0.2490.71 Safari/537.36"
::1 - - [21/Oct/2015:14:01:41 +0000] "GET /all_available_uri HTTP/1.1" 200 2 "-" "Mozilla/5.0 (Macintosh; Intel Mac OS X 10_11_0) AppleWebKit/537.36 (KHTML, like Gecko) Chrome/46.0.2490.71 Safari/537.36"
::1 - - [21/Oct/2015:14:02:50 +0000] "GET /abc HTTP/1.1" 404 33 "-" "Mozilla/5.0 (Macintosh; Intel Mac OS X 10_11_0) AppleWebKit/537.36 (KHTML, like Gecko) Chrome/46.0.2490.71 Safari/537.36"
::1 - - [21/Oct/2015:14:04:39 +0000] "GET /abc HTTP/1.1" 123 - "-" "Mozilla/5.0 (Macintosh; Intel Mac OS X 10_11_0) AppleWebKit/537.36 (KHTML, like Gecko) Chrome/46.0.2490.71 Safari/537.36"
::1 - - [21/Oct/2015:14:04:55 +0000] "GET /all_available_uri HTTP/1.1" 304 - "-" "Mozilla/5.0 (Macintosh; Intel Mac OS X 10_11_0) AppleWebKit/537.36 (KHTML, like Gecko) Chrome/46.0.2490.71 Safari/537.36"
::1 - - [21/Oct/2015:14:04:56 +0000] "GET /adfsfds HTTP/1.1" 404 33 "-" "Mozilla/5.0 (Macintosh; Intel Mac OS X 10_11_0) AppleWebKit/537.36 (KHTML, like Gecko) Chrome/46.0.2490.71 Safari/537.36"
::1 - - [21/Oct/2015:14:05:00 +0000] "GET /all_available_uri HTTP/1.1" 304 - "-" "Mozilla/5.0 (Macintosh; Intel Mac OS X 10_11_0) AppleWebKit/537.36 (KHTML, like Gecko) Chrome/46.0.2490.71 Safari/537.36"
::1 - - [21/Oct/2015:14:05:26 +0000] "GET /all_available_uri HTTP/1.1" 304 - "-" "Mozilla/5.0 (Macintosh; Intel Mac OS X 10_11_0) AppleWebKit/537.36 (KHTML, like Gecko) Chrome/46.0.2490.71 Safari/537.36"
::1 - - [21/Oct/2015:14:05:28 +0000] "GET /abc HTTP/1.1" 500 1424 "-" "Mozilla/5.0 (Macintosh; Intel Mac OS X 10_11_0) AppleWebKit/537.36 (KHTML, like Gecko) Chrome/46.0.2490.71 Safari/537.36"
::1 - - [21/Oct/2015:14:05:46 +0000] "GET /abc HTTP/1.1" 200 - "-" "Mozilla/5.0 (Macintosh; Intel Mac OS X 10_11_0) AppleWebKit/537.36 (KHTML, like Gecko) Chrome/46.0.2490.71 Safari/537.36"
::1 - - [21/Oct/2015:14:07:15 +0000] "GET /abc HTTP/1.1" 404 33 "-" "Mozilla/5.0 (Macintosh; Intel Mac OS X 10_11_0) AppleWebKit/537.36 (KHTML, like Gecko) Chrome/46.0.2490.71 Safari/537.36"
::1 - - [21/Oct/2015:14:07:18 +0000] "GET /all_available_uri HTTP/1.1" 304 - "-" "Mozilla/5.0 (Macintosh; Intel Mac OS X 10_11_0) AppleWebKit/537.36 (KHTML, like Gecko) Chrome/46.0.2490.71 Safari/537.36"
::1 - - [21/Oct/2015:14:15:16 +0000] "GET /all_available_uri HTTP/1.1" 200 28 "-" "Mozilla/5.0 (Macintosh; Intel Mac OS X 10_11_0) AppleWebKit/537.36 (KHTML, like Gecko) Chrome/46.0.2490.71 Safari/537.36"
::1 - - [21/Oct/2015:14:15:21 +0000] "GET / HTTP/1.1" 200 4 "-" "Mozilla/5.0 (Macintosh; Intel Mac OS X 10_11_0) AppleWebKit/537.36 (KHTML, like Gecko) Chrome/46.0.2490.71 Safari/537.36"
::1 - - [21/Oct/2015:14:19:46 +0000] "GET / HTTP/1.1" 304 - "-" "Mozilla/5.0 (Macintosh; Intel Mac OS X 10_11_0) AppleWebKit/537.36 (KHTML, like Gecko) Chrome/46.0.2490.71 Safari/537.36"
::1 - - [21/Oct/2015:14:19:49 +0000] "GET /all_available_uri HTTP/1.1" 304 - "-" "Mozilla/5.0 (Macintosh; Intel Mac OS X 10_11_0) AppleWebKit/537.36 (KHTML, like Gecko) Chrome/46.0.2490.71 Safari/537.36"
::1 - - [21/Oct/2015:14:25:40 +0000] "GET /all_available_uri HTTP/1.1" 200 56 "-" "Mozilla/5.0 (Macintosh; Intel Mac OS X 10_11_0) AppleWebKit/537.36 (KHTML, like Gecko) Chrome/46.0.2490.71 Safari/537.36"
::1 - - [21/Oct/2015:14:25:56 +0000] "GET / HTTP/1.1" 200 21 "-" "Mozilla/5.0 (Macintosh; Intel Mac OS X 10_11_0) AppleWebKit/537.36 (KHTML, like Gecko) Chrome/46.0.2490.71 Safari/537.36"
::ffff:127.0.0.1 - - [21/Oct/2015:14:26:19 +0000] "POST / HTTP/1.1" 200 18 "-" "Mozilla/5.0 (Macintosh; Intel Mac OS X 10_11_0) AppleWebKit/537.36 (KHTML, like Gecko) Chrome/46.0.2490.71 Safari/537.36"
::ffff:127.0.0.1 - - [21/Oct/2015:14:26:28 +0000] "GET / HTTP/1.1" 200 21 "-" "Mozilla/5.0 (Macintosh; Intel Mac OS X 10_11_0) AppleWebKit/537.36 (KHTML, like Gecko) Chrome/46.0.2490.71 Safari/537.36"
::ffff:127.0.0.1 - - [21/Oct/2015:14:26:38 +0000] "PUT / HTTP/1.1" 404 33 "-" "Mozilla/5.0 (Macintosh; Intel Mac OS X 10_11_0) AppleWebKit/537.36 (KHTML, like Gecko) Chrome/46.0.2490.71 Safari/537.36"
::1 - - [21/Oct/2015:14:27:28 +0000] "GET /all_available_uri HTTP/1.1" 304 - "-" "Mozilla/5.0 (Macintosh; Intel Mac OS X 10_11_0) AppleWebKit/537.36 (KHTML, like Gecko) Chrome/46.0.2490.71 Safari/537.36"
::1 - - [21/Oct/2015:14:27:30 +0000] "GET /all_available_uri HTTP/1.1" 304 - "-" "Mozilla/5.0 (Macintosh; Intel Mac OS X 10_11_0) AppleWebKit/537.36 (KHTML, like Gecko) Chrome/46.0.2490.71 Safari/537.36"
::1 - - [21/Oct/2015:14:30:24 +0000] "GET /all_available_uri HTTP/1.1" 200 74 "-" "Mozilla/5.0 (Macintosh; Intel Mac OS X 10_11_0) AppleWebKit/537.36 (KHTML, like Gecko) Chrome/46.0.2490.71 Safari/537.36"
::1 - - [21/Oct/2015:14:31:01 +0000] "GET /all_available_uri HTTP/1.1" 304 - "-" "Mozilla/5.0 (Macintosh; Intel Mac OS X 10_11_0) AppleWebKit/537.36 (KHTML, like Gecko) Chrome/46.0.2490.71 Safari/537.36"
::1 - - [21/Oct/2015:14:32:08 +0000] "GET /all_available_uri HTTP/1.1" 200 72 "-" "Mozilla/5.0 (Macintosh; Intel Mac OS X 10_11_0) AppleWebKit/537.36 (KHTML, like Gecko) Chrome/46.0.2490.71 Safari/537.36"
::1 - - [21/Oct/2015:14:32:09 +0000] "GET /all_available_uri HTTP/1.1" 304 - "-" "Mozilla/5.0 (Macintosh; Intel Mac OS X 10_11_0) AppleWebKit/537.36 (KHTML, like Gecko) Chrome/46.0.2490.71 Safari/537.36"
::1 - - [21/Oct/2015:14:32:12 +0000] "GET /all_available_uri HTTP/1.1" 304 - "-" "Mozilla/5.0 (Macintosh; Intel Mac OS X 10_11_0) AppleWebKit/537.36 (KHTML, like Gecko) Chrome/46.0.2490.71 Safari/537.36"
::1 - - [21/Oct/2015:14:32:14 +0000] "GET /all_available_uri HTTP/1.1" 304 - "-" "Mozilla/5.0 (Macintosh; Intel Mac OS X 10_11_0) AppleWebKit/537.36 (KHTML, like Gecko) Chrome/46.0.2490.71 Safari/537.36"
::1 - - [21/Oct/2015:14:33:08 +0000] "GET /all_available_uri HTTP/1.1" 200 64 "-" "Mozilla/5.0 (Macintosh; Intel Mac OS X 10_11_0) AppleWebKit/537.36 (KHTML, like Gecko) Chrome/46.0.2490.71 Safari/537.36"
::1 - - [21/Oct/2015:14:33:24 +0000] "GET /huguoyun HTTP/1.1" 200 21 "-" "Mozilla/5.0 (Macintosh; Intel Mac OS X 10_11_0) AppleWebKit/537.36 (KHTML, like Gecko) Chrome/46.0.2490.71 Safari/537.36"
