{"level":"error","message":"sugarjs未捕获的错误 ReferenceError: lib is not defined\n    at Object.<anonymous> (/Users/fengshangshi/Documents/node/sugar/sugar-template-server/index.js:45:14)\n    at Module._compile (module.js:460:26)\n    at Object.Module._extensions..js (module.js:478:10)\n    at Module.load (module.js:355:32)\n    at Function.Module._load (module.js:310:12)\n    at Function.Module.runMain (module.js:501:10)\n    at startup (node.js:129:16)\n    at node.js:814:3","timestamp":"2015-10-21T13:31:34.758Z"}
{"level":"error","message":"sugarjs已经退出","timestamp":"2015-10-21T13:31:34.763Z"}
{"level":"error","message":"sugarjs未捕获的错误 ReferenceError: lib is not defined\n    at Object.<anonymous> (/Users/fengshangshi/Documents/node/sugar/sugar-template-server/index.js:45:14)\n    at Module._compile (module.js:460:26)\n    at Object.Module._extensions..js (module.js:478:10)\n    at Module.load (module.js:355:32)\n    at Function.Module._load (module.js:310:12)\n    at Function.Module.runMain (module.js:501:10)\n    at startup (node.js:129:16)\n    at node.js:814:3","timestamp":"2015-10-21T13:32:05.276Z"}
{"level":"error","message":"sugarjs已经退出","timestamp":"2015-10-21T13:32:05.281Z"}
{"level":"error","message":"sugarjs未捕获的错误 ReferenceError: log is not defined\n    at Object.<anonymous> (/Users/fengshangshi/Documents/node/sugar/sugar-template-server/lib/server.js:23:12)\n    at Module._compile (module.js:460:26)\n    at Object.Module._extensions..js (module.js:478:10)\n    at Module.load (module.js:355:32)\n    at Function.Module._load (module.js:310:12)\n    at Module.require (module.js:365:17)\n    at require (module.js:384:17)\n    at Object.<anonymous> (/Users/fengshangshi/Documents/node/sugar/sugar-template-server/index.js:46:10)\n    at Module._compile (module.js:460:26)\n    at Object.Module._extensions..js (module.js:478:10)","timestamp":"2015-10-21T13:32:56.095Z"}
{"level":"error","message":"sugarjs已经退出","timestamp":"2015-10-21T13:32:56.100Z"}
{"level":"error","message":"sugarjs未捕获的错误 ReferenceError: static is not defined\n    at Object.<anonymous> (/Users/fengshangshi/Documents/node/sugar/sugar-template-server/lib/server.js:56:24)\n    at Module._compile (module.js:460:26)\n    at Object.Module._extensions..js (module.js:478:10)\n    at Module.load (module.js:355:32)\n    at Function.Module._load (module.js:310:12)\n    at Module.require (module.js:365:17)\n    at require (module.js:384:17)\n    at Object.<anonymous> (/Users/fengshangshi/Documents/node/sugar/sugar-template-server/index.js:46:10)\n    at Module._compile (module.js:460:26)\n    at Object.Module._extensions..js (module.js:478:10)","timestamp":"2015-10-21T13:33:18.481Z"}
{"level":"error","message":"sugarjs已经退出","timestamp":"2015-10-21T13:33:18.485Z"}
{"level":"error","message":"sugarjs未捕获的错误 ReferenceError: lib is not defined\n    at Object.<anonymous> (/Users/fengshangshi/Documents/node/sugar/sugar-template-server/lib/server.js:76:18)\n    at Module._compile (module.js:460:26)\n    at Object.Module._extensions..js (module.js:478:10)\n    at Module.load (module.js:355:32)\n    at Function.Module._load (module.js:310:12)\n    at Module.require (module.js:365:17)\n    at require (module.js:384:17)\n    at Object.<anonymous> (/Users/fengshangshi/Documents/node/sugar/sugar-template-server/index.js:46:10)\n    at Module._compile (module.js:460:26)\n    at Object.Module._extensions..js (module.js:478:10)","timestamp":"2015-10-21T13:33:49.508Z"}
{"level":"error","message":"sugarjs已经退出","timestamp":"2015-10-21T13:33:49.512Z"}
{"level":"error","message":"sugarjs未捕获的错误 TypeError: Arguments to path.resolve must be strings\n    at Object.posix.resolve (path.js:439:13)\n    at Object.exports.eachSync (/Users/fengshangshi/Documents/node/sugar/sugar-template-server/node_modules/rd/lib/index.js:152:21)\n    at Object.exports.eachDirSync (/Users/fengshangshi/Documents/node/sugar/sugar-template-server/node_modules/rd/lib/index.js:600:11)\n    at Object.exports.readDirSync (/Users/fengshangshi/Documents/node/sugar/sugar-template-server/node_modules/rd/lib/index.js:631:11)\n    at Object.exports.boot (/Users/fengshangshi/Documents/node/sugar/sugar-template-server/lib/controller.js:15:16)\n    at Object.<anonymous> (/Users/fengshangshi/Documents/node/sugar/sugar-template-server/lib/server.js:78:12)\n    at Module._compile (module.js:460:26)\n    at Object.Module._extensions..js (module.js:478:10)\n    at Module.load (module.js:355:32)\n    at Function.Module._load (module.js:310:12)","timestamp":"2015-10-21T13:34:12.758Z"}
{"level":"error","message":"sugarjs已经退出","timestamp":"2015-10-21T13:34:12.764Z"}
{"level":"error","message":"sugarjs未捕获的错误 ReferenceError: appDir is not defined\n    at Object.exports.boot (/Users/fengshangshi/Documents/node/sugar/sugar-template-server/lib/controller.js:14:18)\n    at Object.<anonymous> (/Users/fengshangshi/Documents/node/sugar/sugar-template-server/lib/server.js:78:12)\n    at Module._compile (module.js:460:26)\n    at Object.Module._extensions..js (module.js:478:10)\n    at Module.load (module.js:355:32)\n    at Function.Module._load (module.js:310:12)\n    at Module.require (module.js:365:17)\n    at require (module.js:384:17)\n    at Object.<anonymous> (/Users/fengshangshi/Documents/node/sugar/sugar-template-server/index.js:46:10)\n    at Module._compile (module.js:460:26)","timestamp":"2015-10-21T13:34:51.490Z"}
{"level":"error","message":"sugarjs已经退出","timestamp":"2015-10-21T13:34:51.495Z"}
{"level":"error","message":"sugarjs未捕获的错误 TypeError: Arguments to path.resolve must be strings\n    at Object.posix.resolve (path.js:439:13)\n    at Object.exports.eachSync (/Users/fengshangshi/Documents/node/sugar/sugar-template-server/node_modules/rd/lib/index.js:152:21)\n    at Object.exports.eachDirSync (/Users/fengshangshi/Documents/node/sugar/sugar-template-server/node_modules/rd/lib/index.js:600:11)\n    at Object.exports.readDirSync (/Users/fengshangshi/Documents/node/sugar/sugar-template-server/node_modules/rd/lib/index.js:631:11)\n    at Object.exports.boot (/Users/fengshangshi/Documents/node/sugar/sugar-template-server/lib/controller.js:15:16)\n    at Object.<anonymous> (/Users/fengshangshi/Documents/node/sugar/sugar-template-server/lib/server.js:78:12)\n    at Module._compile (module.js:460:26)\n    at Object.Module._extensions..js (module.js:478:10)\n    at Module.load (module.js:355:32)\n    at Function.Module._load (module.js:310:12)","timestamp":"2015-10-21T13:35:20.240Z"}
{"level":"error","message":"sugarjs已经退出","timestamp":"2015-10-21T13:35:20.245Z"}
{"level":"error","message":"sugarjs未捕获的错误 TypeError: Arguments to path.resolve must be strings\n    at Object.posix.resolve (path.js:439:13)\n    at Object.exports.eachSync (/Users/fengshangshi/Documents/node/sugar/sugar-template-server/node_modules/rd/lib/index.js:152:21)\n    at Object.exports.eachDirSync (/Users/fengshangshi/Documents/node/sugar/sugar-template-server/node_modules/rd/lib/index.js:600:11)\n    at Object.exports.readDirSync (/Users/fengshangshi/Documents/node/sugar/sugar-template-server/node_modules/rd/lib/index.js:631:11)\n    at Object.exports.boot (/Users/fengshangshi/Documents/node/sugar/sugar-template-server/lib/controller.js:15:16)\n    at Object.<anonymous> (/Users/fengshangshi/Documents/node/sugar/sugar-template-server/lib/server.js:78:12)\n    at Module._compile (module.js:460:26)\n    at Object.Module._extensions..js (module.js:478:10)\n    at Module.load (module.js:355:32)\n    at Function.Module._load (module.js:310:12)","timestamp":"2015-10-21T13:35:26.508Z"}
{"level":"error","message":"sugarjs已经退出","timestamp":"2015-10-21T13:35:26.514Z"}
{"level":"error","message":"sugarjs未捕获的错误 Error: ENOENT, no such file or directory '/Users/fengshangshi/Documents/node/sugar/sugar-template-server/app/action'\n    at Error (native)\n    at Object.fs.statSync (fs.js:797:18)\n    at eachFileSync (/Users/fengshangshi/Documents/node/sugar/sugar-template-server/node_modules/rd/lib/index.js:91:18)\n    at Object.exports.eachSync (/Users/fengshangshi/Documents/node/sugar/sugar-template-server/node_modules/rd/lib/index.js:152:3)\n    at Object.exports.eachDirSync (/Users/fengshangshi/Documents/node/sugar/sugar-template-server/node_modules/rd/lib/index.js:600:11)\n    at Object.exports.readDirSync (/Users/fengshangshi/Documents/node/sugar/sugar-template-server/node_modules/rd/lib/index.js:631:11)\n    at Object.exports.boot (/Users/fengshangshi/Documents/node/sugar/sugar-template-server/lib/controller.js:15:16)\n    at Object.<anonymous> (/Users/fengshangshi/Documents/node/sugar/sugar-template-server/lib/server.js:78:12)\n    at Module._compile (module.js:460:26)\n    at Object.Module._extensions..js (module.js:478:10)","timestamp":"2015-10-21T13:36:34.449Z"}
{"level":"error","message":"sugarjs已经退出","timestamp":"2015-10-21T13:36:34.454Z"}
{"level":"info","message":"sugarjs启动成功，工作端口8090","timestamp":"2015-10-21T13:39:29.200Z"}
{"level":"error","message":"sugarjs收到退出信号，退出成功","timestamp":"2015-10-21T13:41:49.990Z"}
{"level":"info","message":"sugarjs启动成功，工作端口8090","timestamp":"2015-10-21T13:41:51.671Z"}
{"level":"error","message":"加载业务action层出现错误 Error: ENOENT, stat '/Users/fengshangshi/Documents/node/sugar/sugar-template-server/app/action'","timestamp":"2015-10-21T13:41:51.673Z"}
{"level":"error","message":"sugarjs未捕获的错误 Error: ENOENT, stat '/Users/fengshangshi/Documents/node/sugar/sugar-template-server/app/action'\n    at Error (native)","timestamp":"2015-10-21T13:41:51.674Z"}
{"level":"error","message":"sugarjs收到退出信号，退出成功","timestamp":"2015-10-21T13:42:48.470Z"}
{"level":"info","message":"sugarjs启动成功，工作端口8090","timestamp":"2015-10-21T13:44:27.578Z"}
{"level":"error","message":"sugarjs收到退出信号，退出成功","timestamp":"2015-10-21T13:44:34.119Z"}
{"level":"info","message":"sugarjs启动成功，工作端口8090","timestamp":"2015-10-21T13:44:35.768Z"}
{"level":"error","message":"sugarjs收到退出信号，退出成功","timestamp":"2015-10-21T13:44:58.615Z"}
{"level":"info","message":"sugarjs启动成功，工作端口8090","timestamp":"2015-10-21T13:44:59.878Z"}
{"level":"error","message":"sugarjs收到退出信号，退出成功","timestamp":"2015-10-21T13:45:46.503Z"}
{"level":"info","message":"sugarjs启动成功，工作端口8090","timestamp":"2015-10-21T13:47:02.320Z"}
{"level":"error","message":"sugarjs收到退出信号，退出成功","timestamp":"2015-10-21T13:47:15.854Z"}
{"level":"info","message":"sugarjs启动成功，工作端口8090","timestamp":"2015-10-21T13:54:30.802Z"}
{"level":"error","message":"sugarjs收到退出信号，退出成功","timestamp":"2015-10-21T13:54:45.824Z"}
{"level":"info","message":"sugarjs启动成功，工作端口8090","timestamp":"2015-10-21T13:56:36.389Z"}
{"level":"error","message":"sugarjs收到退出信号，退出成功","timestamp":"2015-10-21T13:58:44.072Z"}
{"level":"info","message":"sugarjs启动成功，工作端口8090","timestamp":"2015-10-21T13:58:46.229Z"}
{"level":"error","message":"sugarjs收到退出信号，退出成功","timestamp":"2015-10-21T13:59:30.448Z"}
{"level":"info","message":"sugarjs启动成功，工作端口8090","timestamp":"2015-10-21T13:59:31.961Z"}
{"level":"error","message":"sugarjs收到退出信号，退出成功","timestamp":"2015-10-21T14:01:38.641Z"}
{"level":"info","message":"sugarjs启动成功，工作端口8090","timestamp":"2015-10-21T14:01:39.895Z"}
{"level":"error","message":"sugarjs收到退出信号，退出成功","timestamp":"2015-10-21T14:02:43.552Z"}
{"level":"info","message":"sugarjs启动成功，工作端口8090","timestamp":"2015-10-21T14:02:46.337Z"}
{"level":"error","message":"sugarjs收到退出信号，退出成功","timestamp":"2015-10-21T14:03:58.232Z"}
{"level":"error","message":"sugarjs未捕获的错误 TypeError: string is not a function\n    at /Users/fengshangshi/Documents/node/sugar/sugar-template-server/node_modules/rd/lib/index.js:446:5\n    at Object.exports.each (/Users/fengshangshi/Documents/node/sugar/sugar-template-server/node_modules/rd/lib/index.js:115:36)\n    at Object.exports.eachDir (/Users/fengshangshi/Documents/node/sugar/sugar-template-server/node_modules/rd/lib/index.js:331:23)\n    at Object.exports.readDir (/Users/fengshangshi/Documents/node/sugar/sugar-template-server/node_modules/rd/lib/index.js:448:19)\n    at Object.exports.boot (/Users/fengshangshi/Documents/node/sugar/sugar-template-server/lib/controller.js:30:16)\n    at Object.<anonymous> (/Users/fengshangshi/Documents/node/sugar/sugar-template-server/lib/server.js:79:12)\n    at Module._compile (module.js:460:26)\n    at Object.Module._extensions..js (module.js:478:10)\n    at Module.load (module.js:355:32)\n    at Function.Module._load (module.js:310:12)","timestamp":"2015-10-21T14:04:01.044Z"}
{"level":"error","message":"sugarjs已经退出","timestamp":"2015-10-21T14:04:01.050Z"}
{"level":"info","message":"sugarjs启动成功，工作端口8090","timestamp":"2015-10-21T14:04:35.494Z"}
{"level":"error","message":"sugarjs收到退出信号，退出成功","timestamp":"2015-10-21T14:05:21.222Z"}
{"level":"info","message":"sugarjs启动成功，工作端口8090","timestamp":"2015-10-21T14:05:24.341Z"}
{"level":"error","message":"sugarjs收到退出信号，退出成功","timestamp":"2015-10-21T14:05:43.432Z"}
{"level":"info","message":"sugarjs启动成功，工作端口8090","timestamp":"2015-10-21T14:05:44.700Z"}
{"level":"error","message":"sugarjs收到退出信号，退出成功","timestamp":"2015-10-21T14:07:11.056Z"}
{"level":"info","message":"sugarjs启动成功，工作端口8090","timestamp":"2015-10-21T14:07:12.491Z"}
{"level":"error","message":"sugarjs收到退出信号，退出成功","timestamp":"2015-10-21T14:08:19.456Z"}
{"level":"info","message":"sugarjs启动成功，工作端口8090","timestamp":"2015-10-21T14:08:20.824Z"}
{"level":"error","message":"sugarjs收到退出信号，退出成功","timestamp":"2015-10-21T14:13:10.905Z"}
{"level":"error","message":"sugarjs未捕获的错误 /Users/fengshangshi/Documents/node/sugar/sugar-template-server/lib/controller.js:23\n\t\tpath === '' && path = '/';\n\t\t^^^^\nReferenceError: Invalid left-hand side in assignment\n    at exports.runInThisContext (vm.js:73:16)\n    at Module._compile (module.js:443:25)\n    at Object.Module._extensions..js (module.js:478:10)\n    at Module.load (module.js:355:32)\n    at Function.Module._load (module.js:310:12)\n    at Module.require (module.js:365:17)\n    at require (module.js:384:17)\n    at Object.<anonymous> (/Users/fengshangshi/Documents/node/sugar/sugar-template-server/lib/server.js:78:14)\n    at Module._compile (module.js:460:26)\n    at Object.Module._extensions..js (module.js:478:10)","timestamp":"2015-10-21T14:13:12.243Z"}
{"level":"error","message":"sugarjs已经退出","timestamp":"2015-10-21T14:13:12.247Z"}
{"level":"error","message":"sugarjs未捕获的错误 /Users/fengshangshi/Documents/node/sugar/sugar-template-server/lib/controller.js:23\n\t\tpath === '' && path = '/';\n\t\t^^^^\nReferenceError: Invalid left-hand side in assignment\n    at exports.runInThisContext (vm.js:73:16)\n    at Module._compile (module.js:443:25)\n    at Object.Module._extensions..js (module.js:478:10)\n    at Module.load (module.js:355:32)\n    at Function.Module._load (module.js:310:12)\n    at Module.require (module.js:365:17)\n    at require (module.js:384:17)\n    at Object.<anonymous> (/Users/fengshangshi/Documents/node/sugar/sugar-template-server/lib/server.js:78:14)\n    at Module._compile (module.js:460:26)\n    at Object.Module._extensions..js (module.js:478:10)","timestamp":"2015-10-21T14:14:04.184Z"}
{"level":"error","message":"sugarjs已经退出","timestamp":"2015-10-21T14:14:04.189Z"}
{"level":"info","message":"sugarjs启动成功，工作端口8090","timestamp":"2015-10-21T14:15:12.078Z"}
{"level":"error","message":"sugarjs收到退出信号，退出成功","timestamp":"2015-10-21T14:19:41.881Z"}
{"level":"info","message":"sugarjs启动成功，工作端口8090","timestamp":"2015-10-21T14:19:43.041Z"}
{"level":"error","message":"sugarjs收到退出信号，退出成功","timestamp":"2015-10-21T14:23:41.338Z"}
{"level":"info","message":"sugarjs启动成功，工作端口8090","timestamp":"2015-10-21T14:25:37.609Z"}
{"level":"error","message":"sugarjs收到退出信号，退出成功","timestamp":"2015-10-21T14:27:23.866Z"}
{"level":"info","message":"sugarjs启动成功，工作端口8090","timestamp":"2015-10-21T14:27:25.431Z"}
{"level":"error","message":"sugarjs收到退出信号，退出成功","timestamp":"2015-10-21T14:28:31.139Z"}
{"level":"info","message":"sugarjs启动成功，工作端口8090","timestamp":"2015-10-21T14:28:32.274Z"}
{"level":"error","message":"sugarjs收到退出信号，退出成功","timestamp":"2015-10-21T14:28:47.179Z"}
{"level":"error","message":"sugarjs未捕获的错误 ReferenceError: key is not defined\n    at /Users/fengshangshi/Documents/node/sugar/sugar-template-server/lib/controller.js:26:23\n    at Function._.each._.forEach (/Users/fengshangshi/Documents/node/sugar/sugar-template-server/node_modules/underscore/underscore.js:158:9)\n    at _boot (/Users/fengshangshi/Documents/node/sugar/sugar-template-server/lib/controller.js:21:4)\n    at /Users/fengshangshi/Documents/node/sugar/sugar-template-server/lib/controller.js:48:3\n    at Array.forEach (native)\n    at Object.exports.boot (/Users/fengshangshi/Documents/node/sugar/sugar-template-server/lib/controller.js:47:7)\n    at Object.<anonymous> (/Users/fengshangshi/Documents/node/sugar/sugar-template-server/lib/server.js:79:12)\n    at Module._compile (module.js:460:26)\n    at Object.Module._extensions..js (module.js:478:10)\n    at Module.load (module.js:355:32)","timestamp":"2015-10-21T14:28:48.508Z"}
{"level":"error","message":"sugarjs已经退出","timestamp":"2015-10-21T14:28:48.513Z"}
{"level":"error","message":"sugarjs未捕获的错误 ReferenceError: key is not defined\n    at /Users/fengshangshi/Documents/node/sugar/sugar-template-server/lib/controller.js:26:23\n    at Function._.each._.forEach (/Users/fengshangshi/Documents/node/sugar/sugar-template-server/node_modules/underscore/underscore.js:158:9)\n    at _boot (/Users/fengshangshi/Documents/node/sugar/sugar-template-server/lib/controller.js:21:4)\n    at /Users/fengshangshi/Documents/node/sugar/sugar-template-server/lib/controller.js:48:3\n    at Array.forEach (native)\n    at Object.exports.boot (/Users/fengshangshi/Documents/node/sugar/sugar-template-server/lib/controller.js:47:7)\n    at Object.<anonymous> (/Users/fengshangshi/Documents/node/sugar/sugar-template-server/lib/server.js:79:12)\n    at Module._compile (module.js:460:26)\n    at Object.Module._extensions..js (module.js:478:10)\n    at Module.load (module.js:355:32)","timestamp":"2015-10-21T14:28:51.995Z"}
{"level":"error","message":"sugarjs已经退出","timestamp":"2015-10-21T14:28:52.000Z"}
{"level":"info","message":"sugarjs启动成功，工作端口8090","timestamp":"2015-10-21T14:29:23.547Z"}
{"level":"error","message":"sugarjs收到退出信号，退出成功","timestamp":"2015-10-21T14:29:24.570Z"}
{"level":"info","message":"sugarjs启动成功，工作端口8090","timestamp":"2015-10-21T14:29:38.372Z"}
{"level":"error","message":"sugarjs收到退出信号，退出成功","timestamp":"2015-10-21T14:30:19.027Z"}
{"level":"info","message":"sugarjs启动成功，工作端口8090","timestamp":"2015-10-21T14:30:20.283Z"}
{"level":"error","message":"sugarjs收到退出信号，退出成功","timestamp":"2015-10-21T14:30:58.251Z"}
{"level":"info","message":"sugarjs启动成功，工作端口8090","timestamp":"2015-10-21T14:30:59.475Z"}
{"level":"error","message":"sugarjs收到退出信号，退出成功","timestamp":"2015-10-21T14:32:01.114Z"}
{"level":"info","message":"sugarjs启动成功，工作端口8090","timestamp":"2015-10-21T14:32:02.478Z"}
{"level":"error","message":"sugarjs收到退出信号，退出成功","timestamp":"2015-10-21T14:33:02.267Z"}
{"level":"info","message":"sugarjs启动成功，工作端口8090","timestamp":"2015-10-21T14:33:03.750Z"}
{"level":"error","message":"sugarjs收到退出信号，退出成功","timestamp":"2015-10-21T14:33:49.957Z"}
